c:\users\dell\documents\visual studio 2017\projects\sudoku\sudoku\debug\vc141.pdb
c:\users\dell\documents\visual studio 2017\projects\sudoku\sudoku\debug\vc141.idb
c:\users\dell\documents\visual studio 2017\projects\sudoku\sudoku\debug\sudokujudger.obj
c:\users\dell\documents\visual studio 2017\projects\sudoku\sudoku\debug\sudoku.pdb
c:\users\dell\documents\visual studio 2017\projects\sudoku\sudoku\debug\main.obj
c:\users\dell\documents\visual studio 2017\projects\sudoku\sudoku\debug\sudokubuilder.obj
c:\users\dell\documents\visual studio 2017\projects\sudoku\sudoku\debug\sudokuplayer.obj
c:\users\dell\documents\visual studio 2017\projects\sudoku\sudoku\debug\sudokuprinter.obj
c:\users\dell\documents\visual studio 2017\projects\sudoku\sudoku\debug\sudoku.idb
c:\users\dell\documents\visual studio 2017\projects\sudoku\debug\sudoku.lib
c:\users\dell\documents\visual studio 2017\projects\sudoku\debug\sudoku.ilk
c:\users\dell\documents\visual studio 2017\projects\sudoku\debug\sudoku.exe
c:\users\dell\documents\visual studio 2017\projects\sudoku\debug\lnk{246f0031-284d-404f-ae0b-5b4b3bcdb670}.tmp
c:\users\dell\documents\visual studio 2017\projects\sudoku\debug\sudoku.pdb
c:\users\dell\documents\visual studio 2017\projects\sudoku\debug\sudoku.exp
c:\users\dell\documents\visual studio 2017\projects\sudoku\sudoku\debug\sudoku.tlog\cl.command.1.tlog
c:\users\dell\documents\visual studio 2017\projects\sudoku\sudoku\debug\sudoku.tlog\cl.read.1.tlog
c:\users\dell\documents\visual studio 2017\projects\sudoku\sudoku\debug\sudoku.tlog\cl.write.1.tlog
c:\users\dell\documents\visual studio 2017\projects\sudoku\sudoku\debug\sudoku.tlog\lib-link.read.1.tlog
c:\users\dell\documents\visual studio 2017\projects\sudoku\sudoku\debug\sudoku.tlog\lib-link.write.1.tlog
c:\users\dell\documents\visual studio 2017\projects\sudoku\sudoku\debug\sudoku.tlog\lib.command.1.tlog
c:\users\dell\documents\visual studio 2017\projects\sudoku\sudoku\debug\sudoku.tlog\link.10312.delete.1.tlog
c:\users\dell\documents\visual studio 2017\projects\sudoku\sudoku\debug\sudoku.tlog\link.10412.delete.1.tlog
c:\users\dell\documents\visual studio 2017\projects\sudoku\sudoku\debug\sudoku.tlog\link.11220.delete.1.tlog
c:\users\dell\documents\visual studio 2017\projects\sudoku\sudoku\debug\sudoku.tlog\link.11316.delete.1.tlog
c:\users\dell\documents\visual studio 2017\projects\sudoku\sudoku\debug\sudoku.tlog\link.11520.delete.1.tlog
c:\users\dell\documents\visual studio 2017\projects\sudoku\sudoku\debug\sudoku.tlog\link.11612.delete.1.tlog
c:\users\dell\documents\visual studio 2017\projects\sudoku\sudoku\debug\sudoku.tlog\link.11716.delete.1.tlog
c:\users\dell\documents\visual studio 2017\projects\sudoku\sudoku\debug\sudoku.tlog\link.12000.delete.1.tlog
c:\users\dell\documents\visual studio 2017\projects\sudoku\sudoku\debug\sudoku.tlog\link.12796.delete.1.tlog
c:\users\dell\documents\visual studio 2017\projects\sudoku\sudoku\debug\sudoku.tlog\link.12904.delete.1.tlog
c:\users\dell\documents\visual studio 2017\projects\sudoku\sudoku\debug\sudoku.tlog\link.12964.delete.1.tlog
c:\users\dell\documents\visual studio 2017\projects\sudoku\sudoku\debug\sudoku.tlog\link.13080.delete.1.tlog
c:\users\dell\documents\visual studio 2017\projects\sudoku\sudoku\debug\sudoku.tlog\link.13224.delete.1.tlog
c:\users\dell\documents\visual studio 2017\projects\sudoku\sudoku\debug\sudoku.tlog\link.13436.delete.1.tlog
c:\users\dell\documents\visual studio 2017\projects\sudoku\sudoku\debug\sudoku.tlog\link.1392.delete.1.tlog
c:\users\dell\documents\visual studio 2017\projects\sudoku\sudoku\debug\sudoku.tlog\link.14516.delete.1.tlog
c:\users\dell\documents\visual studio 2017\projects\sudoku\sudoku\debug\sudoku.tlog\link.14776.delete.1.tlog
c:\users\dell\documents\visual studio 2017\projects\sudoku\sudoku\debug\sudoku.tlog\link.15304.delete.1.tlog
c:\users\dell\documents\visual studio 2017\projects\sudoku\sudoku\debug\sudoku.tlog\link.17088.delete.1.tlog
c:\users\dell\documents\visual studio 2017\projects\sudoku\sudoku\debug\sudoku.tlog\link.2320.delete.1.tlog
c:\users\dell\documents\visual studio 2017\projects\sudoku\sudoku\debug\sudoku.tlog\link.2540.delete.1.tlog
c:\users\dell\documents\visual studio 2017\projects\sudoku\sudoku\debug\sudoku.tlog\link.2568.delete.1.tlog
c:\users\dell\documents\visual studio 2017\projects\sudoku\sudoku\debug\sudoku.tlog\link.2948.delete.1.tlog
c:\users\dell\documents\visual studio 2017\projects\sudoku\sudoku\debug\sudoku.tlog\link.3220.delete.1.tlog
c:\users\dell\documents\visual studio 2017\projects\sudoku\sudoku\debug\sudoku.tlog\link.3956.delete.1.tlog
c:\users\dell\documents\visual studio 2017\projects\sudoku\sudoku\debug\sudoku.tlog\link.4448.delete.1.tlog
c:\users\dell\documents\visual studio 2017\projects\sudoku\sudoku\debug\sudoku.tlog\link.5180.delete.1.tlog
c:\users\dell\documents\visual studio 2017\projects\sudoku\sudoku\debug\sudoku.tlog\link.5796.delete.1.tlog
c:\users\dell\documents\visual studio 2017\projects\sudoku\sudoku\debug\sudoku.tlog\link.5900.delete.1.tlog
c:\users\dell\documents\visual studio 2017\projects\sudoku\sudoku\debug\sudoku.tlog\link.6272.delete.1.tlog
c:\users\dell\documents\visual studio 2017\projects\sudoku\sudoku\debug\sudoku.tlog\link.6432.delete.1.tlog
c:\users\dell\documents\visual studio 2017\projects\sudoku\sudoku\debug\sudoku.tlog\link.6788.delete.1.tlog
c:\users\dell\documents\visual studio 2017\projects\sudoku\sudoku\debug\sudoku.tlog\link.7080.delete.1.tlog
c:\users\dell\documents\visual studio 2017\projects\sudoku\sudoku\debug\sudoku.tlog\link.7160.delete.1.tlog
c:\users\dell\documents\visual studio 2017\projects\sudoku\sudoku\debug\sudoku.tlog\link.8500.delete.1.tlog
c:\users\dell\documents\visual studio 2017\projects\sudoku\sudoku\debug\sudoku.tlog\link.9044.delete.1.tlog
c:\users\dell\documents\visual studio 2017\projects\sudoku\sudoku\debug\sudoku.tlog\link.9048.delete.1.tlog
c:\users\dell\documents\visual studio 2017\projects\sudoku\sudoku\debug\sudoku.tlog\link.9232.delete.1.tlog
c:\users\dell\documents\visual studio 2017\projects\sudoku\sudoku\debug\sudoku.tlog\link.9340.delete.1.tlog
c:\users\dell\documents\visual studio 2017\projects\sudoku\sudoku\debug\sudoku.tlog\link.9460.delete.1.tlog
c:\users\dell\documents\visual studio 2017\projects\sudoku\sudoku\debug\sudoku.tlog\link.command.1.tlog
c:\users\dell\documents\visual studio 2017\projects\sudoku\sudoku\debug\sudoku.tlog\link.delete.1.tlog
c:\users\dell\documents\visual studio 2017\projects\sudoku\sudoku\debug\sudoku.tlog\link.read.1.tlog
c:\users\dell\documents\visual studio 2017\projects\sudoku\sudoku\debug\sudoku.tlog\link.write.1.tlog
c:\users\dell\documents\visual studio 2017\projects\sudoku\sudoku\debug\sudoku.tlog\sudoku.write.1u.tlog
