[2017-09-19 12:19:05] [info] Start Program:
Path:"C:\Users\HBING\Documents\github\SoftwareEngineeringPractice\sudoku\x64\Debug\sudoku.exe"
Arguments:
Working directory: "C:\Users\HBING\Documents\github\SoftwareEngineeringPractice\sudoku\sudoku\"
Modules: Selected: C:\Users\HBING\Documents\github\SoftwareEngineeringPractice\sudoku\x64\Debug\sudoku.exe Excluded: 
Sources: Selected: C:\Users\HBING\Documents\github\SoftwareEngineeringPractice\sudoku\sudoku Excluded: 
Log Level: Normal
Cover Children: 0
Aggregate by file: 1
Continue after C++ exception: 0
Optimized build support: 0
Export: Binary C:\Users\HBING\AppData\Local\Temp\f4lejonb.xis 
Input coverage: 
Unified diff: 
Excluded line regular expressions: 

[2017-09-19 12:19:05] [info] Module: C:\Users\HBING\Documents\github\SoftwareEngineeringPractice\sudoku\x64\Debug\sudoku.exe is selected because it matches selected pattern: C:\Users\HBING\Documents\github\SoftwareEngineeringPractice\sudoku\x64\Debug\sudoku.exe
[2017-09-19 12:19:05] [info] Module: C:\Windows\System32\ntdll.dll is skipped because it matches no selected patterns
[2017-09-19 12:19:05] [info] Module: C:\Windows\System32\kernel32.dll is skipped because it matches no selected patterns
[2017-09-19 12:19:05] [info] Module: C:\Windows\System32\KernelBase.dll is skipped because it matches no selected patterns
[2017-09-19 12:19:05] [info] Module: C:\Windows\System32\vcruntime140d.dll is skipped because it matches no selected patterns
[2017-09-19 12:19:05] [info] Module: C:\Windows\System32\ucrtbased.dll is skipped because it matches no selected patterns
[2017-09-19 12:19:26] [info] Module: C:\Windows\System32\kernel.appcore.dll is skipped because it matches no selected patterns
[2017-09-19 12:19:26] [info] Module: C:\Windows\System32\msvcrt.dll is skipped because it matches no selected patterns
[2017-09-19 12:19:26] [info] Module: C:\Windows\System32\rpcrt4.dll is skipped because it matches no selected patterns
[2017-09-19 12:19:26] [info] ----------------------------------------------------
[2017-09-19 12:19:26] [info] Coverage binary generated in file: C:\Users\HBING\AppData\Local\Temp\f4lejonb.xis
[2017-09-19 12:19:26] [info] ----------------------------------------------------
